<?xml version="1.0" encoding="UTF-8"?>
<!-- Generated by org.testng.reporters.JUnitReportReporter -->
<testsuite hostname="LAPTOP-TLVAU4SB" failures="0" tests="1" name="POM.TestCase01" time="15.501" errors="0" timestamp="2024-11-29T14:01:24 IST" skipped="0">
  <testcase classname="POM.TestCase01" name="login" time="15.501"/>
  <system-out/>
</testsuite> <!-- POM.TestCase01 -->
