<?xml version="1.0" encoding="UTF-8"?>
<!-- Generated by org.testng.reporters.JUnitReportReporter -->
<testsuite hostname="LAPTOP-TLVAU4SB" failures="0" tests="1" name="Annotation.TestCase02" time="9.516" errors="0" timestamp="2024-11-28T12:23:37 IST" skipped="0">
  <testcase classname="Annotation.TestCase02" name="psw" time="9.516"/>
  <system-out/>
</testsuite> <!-- Annotation.TestCase02 -->
