<?xml version="1.0" encoding="UTF-8"?>
<!-- Generated by org.testng.reporters.JUnitReportReporter -->
<testsuite hostname="LAPTOP-TLVAU4SB" failures="0" tests="4" name="testNG.Script4" time="0.003" errors="0" timestamp="2024-11-27T12:04:53 IST" skipped="0">
  <testcase classname="testNG.Script4" name="signup" time="0.001"/>
  <system-out/>
  <testcase classname="testNG.Script4" name="login" time="0.001"/>
  <system-out/>
  <testcase classname="testNG.Script4" name="homepage" time="0.001"/>
  <system-out/>
  <testcase classname="testNG.Script4" name="logout" time="0.000"/>
  <system-out/>
</testsuite> <!-- testNG.Script4 -->
