<?xml version="1.0" encoding="UTF-8"?>
<!-- Generated by org.testng.reporters.JUnitReportReporter -->
<testsuite hostname="LAPTOP-TLVAU4SB" failures="0" tests="1" name="Annotation.TestCase01" time="10.367" errors="0" timestamp="2024-11-28T12:23:37 IST" skipped="0">
  <testcase classname="Annotation.TestCase01" name="usn" time="10.367"/>
  <system-out/>
</testsuite> <!-- Annotation.TestCase01 -->
