<?xml version="1.0" encoding="UTF-8"?>
<!-- Generated by org.testng.reporters.JUnitReportReporter -->
<testsuite hostname="LAPTOP-TLVAU4SB" failures="0" tests="1" name="testNG_Assertions.Script1" time="7.912" errors="0" timestamp="2024-12-08T19:37:04 IST" skipped="0">
  <testcase classname="testNG_Assertions.Script1" name="signup" time="7.912"/>
  <system-out/>
</testsuite> <!-- testNG_Assertions.Script1 -->
