<?xml version="1.0" encoding="UTF-8"?>
<!-- Generated by org.testng.reporters.JUnitReportReporter -->
<testsuite hostname="LAPTOP-TLVAU4SB" failures="0" tests="2" name="testNG.Script3" time="0.010" errors="0" timestamp="2024-11-27T12:07:12 IST" skipped="0">
  <testcase classname="testNG.Script3" name="TestCase" time="0.000"/>
  <system-out>
    <![CDATA[HELLO]]>
  </system-out>
  <testcase classname="testNG.Script3" name="TestCase" time="0.010"/>
  <system-out>
    <![CDATA[HELLO]]>
  </system-out>
</testsuite> <!-- testNG.Script3 -->
