<?xml version="1.0" encoding="UTF-8"?>
<!-- Generated by org.testng.reporters.JUnitReportReporter -->
<testsuite hostname="LAPTOP-TLVAU4SB" failures="0" tests="1" name="Annotation.Task" time="10.732" errors="0" timestamp="2024-11-29T12:53:52 IST" skipped="0">
  <testcase classname="Annotation.Task" name="BrowserSetup" time="10.732"/>
  <system-out/>
</testsuite> <!-- Annotation.Task -->
