<?xml version="1.0" encoding="UTF-8"?>
<!-- Generated by org.testng.reporters.JUnitReportReporter -->
<testsuite hostname="LAPTOP-TLVAU4SB" failures="0" tests="2" name="testNG.Script2" time="0.002" errors="0" timestamp="2024-11-27T12:07:12 IST" skipped="0">
  <testcase classname="testNG.Script2" name="TestCase1" time="0.001"/>
  <system-out>
    <![CDATA[Good Morning]]>
  </system-out>
  <testcase classname="testNG.Script2" name="TestCase" time="0.001"/>
  <system-out>
    <![CDATA[HELLO]]>
  </system-out>
</testsuite> <!-- testNG.Script2 -->
