<?xml version="1.0" encoding="UTF-8"?>
<!-- Generated by org.testng.reporters.JUnitReportReporter -->
<testsuite hostname="LAPTOP-TLVAU4SB" failures="0" tests="1" name="testNG.Script1" time="0.000" errors="0" timestamp="2024-11-27T12:04:24 IST" skipped="0">
  <testcase classname="testNG.Script1" name="TestCase" time="0.000"/>
  <system-out>
    <![CDATA[HELLO]]>
  </system-out>
</testsuite> <!-- testNG.Script1 -->
