<?xml version="1.0" encoding="UTF-8"?>
<!-- Generated by org.testng.reporters.JUnitReportReporter -->
<testsuite hostname="LAPTOP-TLVAU4SB" failures="0" tests="4" name="testNG.Script5" time="0.000" errors="0" timestamp="2024-11-27T12:08:20 IST" skipped="1">
  <testcase classname="testNG.Script5" name="login" time="0.000"/>
  <system-out/>
  <testcase classname="testNG.Script5" name="signup" time="0.000"/>
  <system-out/>
  <testcase classname="testNG.Script5" name="logout" time="0.000"/>
  <system-out/>
  <testcase classname="testNG.Script5" name="homepage">
    <skipped/>
  </testcase> <!-- homepage -->
  <system-out/>
</testsuite> <!-- testNG.Script5 -->
